2016-04-06 20:25:53 Workerman[tcp_server.php] start in DEBUG mode
2016-04-06 20:41:00 Workerman[tcp_server.php] Stopping ...
2016-04-06 20:41:00 Workerman[tcp_server.php] has been stopped
2016-04-06 20:41:01 Workerman[tcp_server.php] start in DEBUG mode
2016-04-06 20:46:14 Workerman[tcp_server.php] Stopping ...
2016-04-06 20:46:14 Workerman[tcp_server.php] has been stopped
2016-04-06 20:47:19 Workerman[tcp_server.php] start in DEBUG mode
2016-04-06 20:47:30 Workerman[tcp_server.php] Stopping ...
2016-04-06 20:47:30 Workerman[tcp_server.php] has been stopped
2016-04-06 20:47:42 Workerman[tcp_server.php] start in DEBUG mode
2016-04-06 20:49:18 Workerman[tcp_server.php] Stopping ...
2016-04-06 20:49:18 Workerman[tcp_server.php] has been stopped
2016-04-06 21:40:52 Workerman[tcp_server.php] start in DEBUG mode
2016-04-06 21:43:56 Workerman[tcp_server.php] Stopping ...
2016-04-06 21:43:56 Workerman[tcp_server.php] has been stopped
2016-04-06 21:44:54 Workerman[tcp_server.php] start in DEBUG mode
2016-04-06 21:48:01 Workerman[tcp_server.php] Stopping ...
2016-04-06 21:48:01 Workerman[tcp_server.php] has been stopped
2016-04-06 21:48:02 Workerman[tcp_server.php] start in DEBUG mode
2016-04-06 21:49:08 Workerman[tcp_server.php] Stopping ...
2016-04-06 21:49:08 Workerman[tcp_server.php] has been stopped
2016-04-06 21:49:54 Workerman[tcp_server.php] start in DEBUG mode
2016-04-06 21:51:03 Workerman[tcp_server.php] Stopping ...
2016-04-06 21:51:03 Workerman[tcp_server.php] has been stopped
2016-04-06 21:51:04 Workerman[tcp_server.php] start in DEBUG mode
2016-04-06 21:52:34 Workerman[tcp_server.php] Stopping ...
2016-04-06 21:52:34 Workerman[tcp_server.php] has been stopped
2016-04-06 21:52:35 Workerman[tcp_server.php] start in DEBUG mode
2016-04-06 21:55:18 Workerman[tcp_server.php] Stopping ...
2016-04-06 21:55:18 Workerman[tcp_server.php] has been stopped
2016-04-06 21:55:19 Workerman[tcp_server.php] start in DEBUG mode
2016-04-06 21:55:55 Workerman[tcp_server.php] Stopping ...
2016-04-06 21:55:55 Workerman[tcp_server.php] has been stopped
2016-04-06 21:55:56 Workerman[tcp_server.php] start in DEBUG mode
2016-04-06 21:57:59 Workerman[tcp_server.php] Stopping ...
2016-04-06 21:57:59 Workerman[tcp_server.php] has been stopped
2016-04-09 15:36:34 Workerman[tcp_server.php] start in DEBUG mode
2016-04-09 15:41:23 Workerman[tcp_server.php] Stopping ...
2016-04-09 15:41:23 Workerman[tcp_server.php] has been stopped
2016-04-11 09:56:16 Workerman[tcp_server.php] start in DEBUG mode
2016-04-11 10:05:52 Workerman[tcp_server.php] Stopping ...
2016-04-11 10:05:52 Workerman[tcp_server.php] has been stopped
2016-04-11 10:05:56 Workerman[tcp_server.php] start in DEBUG mode
2016-04-11 10:12:42 Workerman[tcp_server.php] Stopping ...
2016-04-11 10:12:42 Workerman[tcp_server.php] has been stopped
2016-04-24 17:00:45 Workerman[tcp_server.php] start in DEBUG mode
2016-04-24 17:00:50 Workerman[tcp_server.php] Stopping ...
2016-04-24 17:00:50 Workerman[tcp_server.php] has been stopped
2016-04-24 17:03:10 Workerman[http_server.php] start in DEBUG mode
2016-04-24 17:09:47 Workerman[http_server.php] Stopping ...
2016-04-24 17:09:47 Workerman[http_server.php] has been stopped
2016-04-24 17:09:49 Workerman[http_server.php] start in DEBUG mode
2016-04-24 17:10:55 Workerman[http_server.php] Stopping ...
2016-04-24 17:10:55 Workerman[http_server.php] has been stopped
2016-04-24 17:10:58 Workerman[http_server.php] start in DEBUG mode
2016-04-24 17:13:17 Workerman[http_server.php] Stopping ...
2016-04-24 17:13:17 Workerman[http_server.php] has been stopped
2016-04-24 17:13:19 Workerman[http_server.php] start in DEBUG mode
2016-04-24 17:14:30 Workerman[http_server.php] Stopping ...
2016-04-24 17:14:30 Workerman[http_server.php] has been stopped
2016-04-24 17:14:31 Workerman[http_server.php] start in DEBUG mode
2016-04-24 17:24:05 Workerman[http_server.php] Stopping ...
2016-04-24 17:24:05 Workerman[http_server.php] has been stopped
2016-04-24 17:24:07 Workerman[http_server.php] start in DEBUG mode
2016-04-24 17:24:52 Workerman[http_server.php] Stopping ...
2016-04-24 17:24:52 Workerman[http_server.php] has been stopped
2016-04-24 17:24:52 Workerman[http_server.php] start in DEBUG mode
2016-04-24 17:26:30 Workerman[http_server.php] Stopping ...
2016-04-24 17:26:30 Workerman[http_server.php] has been stopped
2016-04-24 17:26:31 Workerman[http_server.php] start in DEBUG mode
2016-04-24 17:29:00 Workerman[http_server.php] Stopping ...
2016-04-24 17:29:00 Workerman[http_server.php] has been stopped
2016-04-24 17:29:02 Workerman[http_server.php] start in DEBUG mode
2016-04-24 17:33:05 Workerman[http_server.php] Stopping ...
2016-04-24 17:33:05 Workerman[http_server.php] has been stopped
2016-04-24 17:33:07 Workerman[http_server.php] start in DEBUG mode
2016-04-24 17:36:46 Workerman[http_server.php] Stopping ...
2016-04-24 17:36:46 Workerman[http_server.php] has been stopped
2016-04-24 17:36:47 Workerman[http_server.php] start in DEBUG mode
2016-04-24 17:38:00 Workerman[http_server.php] Stopping ...
2016-04-24 17:38:00 Workerman[http_server.php] has been stopped
2016-04-24 17:38:02 Workerman[http_server.php] start in DEBUG mode
2016-04-24 19:02:45 Workerman[http_server.php] start in DEBUG mode
2016-04-24 19:39:55 Workerman[http_server.php] Stopping ...
2016-04-24 19:39:55 Workerman[http_server.php] has been stopped
2016-04-24 19:40:07 Workerman[http_server.php] start in DEBUG mode
2016-04-24 19:40:33 Workerman[http_server.php] Stopping ...
2016-04-24 19:40:33 Workerman[http_server.php] has been stopped
2016-04-24 19:40:50 Workerman[http_server.php] start in DEBUG mode
2016-04-24 19:44:25 Workerman[http_server.php] Stopping ...
2016-04-24 19:44:25 Workerman[http_server.php] has been stopped
2016-04-24 19:44:26 Workerman[http_server.php] start in DEBUG mode
2016-04-24 19:46:18 Workerman[http_server.php] Stopping ...
2016-04-24 19:46:18 Workerman[http_server.php] has been stopped
2016-04-24 19:46:19 Workerman[http_server.php] start in DEBUG mode
2016-04-24 19:49:03 Workerman[http_server.php] Stopping ...
2016-04-24 19:49:03 Workerman[http_server.php] has been stopped
2016-04-24 19:49:05 Workerman[http_server.php] start in DEBUG mode
2016-04-24 19:49:44 Workerman[http_server.php] Stopping ...
2016-04-24 19:49:44 Workerman[http_server.php] has been stopped
2016-04-24 19:49:45 Workerman[http_server.php] start in DEBUG mode
2016-04-24 19:52:26 Workerman[http_server.php] Stopping ...
2016-04-24 19:52:26 Workerman[http_server.php] has been stopped
2016-04-24 19:52:29 Workerman[http_server.php] start in DEBUG mode
2016-04-24 19:53:23 Workerman[http_server.php] Stopping ...
2016-04-24 19:53:23 Workerman[http_server.php] has been stopped
2016-04-24 19:53:25 Workerman[http_server.php] start in DEBUG mode
2016-04-24 19:53:56 Workerman[http_server.php] Stopping ...
2016-04-24 19:53:56 Workerman[http_server.php] has been stopped
2016-04-24 19:53:57 Workerman[http_server.php] start in DEBUG mode
2016-04-24 19:54:37 Workerman[http_server.php] Stopping ...
2016-04-24 19:54:37 Workerman[http_server.php] has been stopped
2016-04-24 19:59:31 Workerman[http_server.php] start in DEBUG mode
2016-04-24 20:00:24 Workerman[http_server.php] Stopping ...
2016-04-24 20:00:24 Workerman[http_server.php] has been stopped
2016-04-24 20:00:26 Workerman[http_server.php] start in DEBUG mode
2016-04-24 20:02:27 Workerman[http_server.php] start in DEBUG mode
2016-04-24 20:02:27 Workerman[http_server.php] already running
2016-04-24 20:02:35 Workerman[http_server.php] start in DEBUG mode
2016-04-24 20:02:35 Workerman[http_server.php] already running
2016-04-24 20:02:52 Workerman[http_server.php] start in DEBUG mode
2016-04-24 20:05:26 Workerman[http_server.php] Stopping ...
2016-04-24 20:05:26 Workerman[http_server.php] has been stopped
2016-04-24 20:05:27 Workerman[http_server.php] start in DEBUG mode
2016-04-24 20:05:46 Workerman[http_server.php] Stopping ...
2016-04-24 20:05:46 Workerman[http_server.php] has been stopped
2016-04-24 20:05:47 Workerman[http_server.php] start in DEBUG mode
2016-04-24 20:06:06 Workerman[http_server.php] Stopping ...
2016-04-24 20:06:06 Workerman[http_server.php] has been stopped
2016-04-24 20:06:08 Workerman[http_server.php] start in DEBUG mode
2016-04-24 20:06:38 Workerman[http_server.php] Stopping ...
2016-04-24 20:06:38 Workerman[http_server.php] has been stopped
2016-04-24 20:06:39 Workerman[http_server.php] start in DEBUG mode
2016-04-24 20:08:48 Workerman[http_server.php] Stopping ...
2016-04-24 20:08:48 Workerman[http_server.php] has been stopped
2016-04-24 20:08:49 Workerman[http_server.php] start in DEBUG mode
2016-04-24 20:08:53 WORKER EXIT UNEXPECTED E_ERROR Cannot use object of type stdClass as array in /home/hxuhao/GoAPPServer/http_server.php on line 55
2016-04-24 20:08:53 worker[none:4483] exit with status 65280
2016-04-24 20:10:12 Workerman[http_server.php] Stopping ...
2016-04-24 20:10:12 Workerman[http_server.php] has been stopped
2016-04-24 20:10:13 Workerman[http_server.php] start in DEBUG mode
2016-04-24 20:10:16 WORKER EXIT UNEXPECTED E_ERROR Cannot use object of type stdClass as array in /home/hxuhao/GoAPPServer/http_server.php on line 55
2016-04-24 20:10:16 worker[none:4526] exit with status 65280
2016-04-24 20:11:05 Workerman[http_server.php] Stopping ...
2016-04-24 20:11:05 Workerman[http_server.php] has been stopped
2016-04-24 20:11:32 Workerman[http_server.php] start in DEBUG mode
2016-04-24 20:12:04 Workerman[http_server.php] Stopping ...
2016-04-24 20:12:04 Workerman[http_server.php] has been stopped
2016-04-24 20:12:05 Workerman[http_server.php] start in DEBUG mode
2016-04-24 20:13:35 Workerman[http_server.php] Stopping ...
2016-04-24 20:13:35 Workerman[http_server.php] has been stopped
2016-04-24 20:13:36 Workerman[http_server.php] start in DEBUG mode
2016-04-24 20:14:07 Workerman[http_server.php] Stopping ...
2016-04-24 20:14:07 Workerman[http_server.php] has been stopped
2016-04-25 09:42:55 Workerman[tcp_server.php] start in DEBUG mode
2016-04-25 09:45:04 Workerman[tcp_server.php] Stopping ...
2016-04-25 09:45:04 Workerman[tcp_server.php] has been stopped
2016-04-25 09:45:07 Workerman[tcp_server.php] start in DEBUG mode
2016-04-25 09:48:03 Workerman[tcp_server.php] Stopping ...
2016-04-25 09:48:03 Workerman[tcp_server.php] has been stopped
2016-04-25 09:48:06 Workerman[tcp_server.php] start in DEBUG mode
2016-04-25 09:58:22 Workerman[tcp_server.php] Stopping ...
2016-04-25 09:58:22 Workerman[tcp_server.php] has been stopped
2016-04-25 09:58:23 Workerman[tcp_server.php] start in DEBUG mode
2016-04-25 10:00:36 WORKER EXIT UNEXPECTED E_ERROR Cannot use object of type stdClass as array in /home/hxuhao/GoAPPServer/tcp_server.php on line 57
2016-04-25 10:00:36 worker[none:3866] exit with status 65280
2016-04-25 10:01:06 Workerman[tcp_server.php] Stopping ...
2016-04-25 10:01:07 Workerman[tcp_server.php] has been stopped
2016-04-25 10:01:08 Workerman[tcp_server.php] start in DEBUG mode
2016-04-25 10:01:17 WORKER EXIT UNEXPECTED E_ERROR Cannot use object of type stdClass as array in /home/hxuhao/GoAPPServer/tcp_server.php on line 57
2016-04-25 10:01:17 worker[none:3909] exit with status 65280
2016-04-25 10:03:53 Workerman[tcp_server.php] Stopping ...
2016-04-25 10:03:53 Workerman[tcp_server.php] has been stopped
2016-04-25 10:03:55 Workerman[tcp_server.php] start in DEBUG mode
2016-04-25 10:06:45 Workerman[tcp_server.php] Stopping ...
2016-04-25 10:06:45 Workerman[tcp_server.php] has been stopped
2016-04-25 10:06:46 Workerman[tcp_server.php] start in DEBUG mode
2016-04-25 10:07:40 Workerman[tcp_server.php] Stopping ...
2016-04-25 10:07:40 Workerman[tcp_server.php] has been stopped
2016-04-25 10:07:54 Workerman[tcp_server.php] start in DEBUG mode
2016-04-25 10:13:28 Workerman[tcp_server.php] Stopping ...
2016-04-25 10:13:28 Workerman[tcp_server.php] has been stopped
2016-04-25 10:13:29 Workerman[tcp_server.php] start in DEBUG mode
2016-04-25 10:21:11 Workerman[tcp_server.php] Stopping ...
2016-04-25 10:21:11 Workerman[tcp_server.php] has been stopped
2016-04-25 10:21:18 Workerman[tcp_server.php] start in DEBUG mode
2016-04-25 10:23:00 Workerman[tcp_server.php] Stopping ...
2016-04-25 10:23:00 Workerman[tcp_server.php] has been stopped
2016-04-25 10:23:02 Workerman[tcp_server.php] start in DEBUG mode
2016-04-25 10:25:38 Workerman[tcp_server.php] Stopping ...
2016-04-25 10:25:38 Workerman[tcp_server.php] has been stopped
2016-04-25 10:25:40 Workerman[tcp_server.php] start in DEBUG mode
2016-04-25 10:28:36 Workerman[tcp_server.php] Stopping ...
2016-04-25 10:28:36 Workerman[tcp_server.php] has been stopped
2016-04-25 10:28:37 Workerman[tcp_server.php] start in DEBUG mode
2016-04-25 10:30:48 Workerman[tcp_server.php] Stopping ...
2016-04-25 10:30:48 Workerman[tcp_server.php] has been stopped
2016-04-25 11:29:36 Workerman[tcp_server.php] start in DEBUG mode
2016-04-25 11:32:20 Workerman[tcp_server.php] Stopping ...
2016-04-25 11:32:20 Workerman[tcp_server.php] has been stopped
2016-04-25 11:32:21 Workerman[tcp_server.php] start in DEBUG mode
2016-04-25 11:32:53 Workerman[tcp_server.php] Stopping ...
2016-04-25 11:32:53 Workerman[tcp_server.php] has been stopped
2016-04-25 11:32:54 Workerman[tcp_server.php] start in DEBUG mode
2016-04-25 11:45:40 Workerman[tcp_server.php] Stopping ...
2016-04-25 11:45:40 Workerman[tcp_server.php] has been stopped
2016-04-25 11:47:37 Workerman[tcp_server.class.php] start in DEBUG mode
2016-04-25 11:50:13 Workerman[tcp_server.class.php] start in DEBUG mode
2016-04-25 11:50:37 Workerman[tcp_server.class.php] start in DEBUG mode
2016-04-25 11:57:14 Workerman[tcp_server.class.php] start in DEBUG mode
2016-04-25 11:58:01 Workerman[tcp_server.class.php] start in DEBUG mode
2016-04-25 12:46:55 Workerman[tcp_server.php] start in DEBUG mode
2016-04-25 12:49:57 Workerman[tcp_server.php] Stopping ...
2016-04-25 12:49:57 Workerman[tcp_server.php] has been stopped
2016-04-25 12:50:00 Workerman[tcp_server.class.php] start in DEBUG mode
2016-04-26 12:49:12 Workerman[tcp_server.class.php] start in DEBUG mode
2016-04-26 18:00:07 Workerman[tcp_server.php] start in DEBUG mode
2016-04-26 18:03:47 Workerman[tcp_server.php] Stopping ...
2016-04-26 18:03:47 Workerman[tcp_server.php] has been stopped
2016-04-26 18:03:50 Workerman[tcp_server.php] start in DEBUG mode
2016-04-26 18:14:20 Workerman[tcp_server.php] Stopping ...
2016-04-26 18:14:20 Workerman[tcp_server.php] has been stopped
2016-04-26 18:14:22 Workerman[tcp_server.php] start in DEBUG mode
2016-04-26 18:28:32 Workerman[tcp_server.php] Stopping ...
2016-04-26 18:28:32 Workerman[tcp_server.php] has been stopped
2016-04-26 18:28:33 Workerman[tcp_server.php] start in DEBUG mode
2016-04-26 18:32:23 Workerman[tcp_server.php] Stopping ...
2016-04-26 18:32:23 Workerman[tcp_server.php] has been stopped
2016-04-26 18:32:25 Workerman[tcp_server.php] start in DEBUG mode
2016-04-26 18:33:34 Workerman[tcp_server.php] Stopping ...
2016-04-26 18:33:34 Workerman[tcp_server.php] has been stopped
2016-04-26 18:33:35 Workerman[tcp_server.php] start in DEBUG mode
2016-04-26 18:34:18 Workerman[tcp_server.php] Stopping ...
2016-04-26 18:34:18 Workerman[tcp_server.php] has been stopped
2016-04-26 18:38:26 Workerman[tcp_server.php] start in DEBUG mode
2016-04-26 18:41:08 Workerman[tcp_server.php] Stopping ...
2016-04-26 18:41:08 Workerman[tcp_server.php] has been stopped
2016-04-26 18:41:09 Workerman[tcp_server.php] start in DEBUG mode
2016-04-26 18:41:37 Workerman[tcp_server.php] Stopping ...
2016-04-26 18:41:37 Workerman[tcp_server.php] has been stopped
2016-04-26 18:41:38 Workerman[tcp_server.php] start in DEBUG mode
2016-04-26 18:44:49 Workerman[tcp_server.php] Stopping ...
2016-04-26 18:44:49 Workerman[tcp_server.php] has been stopped
2016-04-26 18:44:50 Workerman[tcp_server.php] start in DEBUG mode
2016-04-26 18:46:45 Workerman[tcp_server.php] Stopping ...
2016-04-26 18:46:45 Workerman[tcp_server.php] has been stopped
2016-04-26 18:46:45 Workerman[tcp_server.php] start in DEBUG mode
2016-04-26 18:56:26 Workerman[tcp_server.php] Stopping ...
2016-04-26 18:56:26 Workerman[tcp_server.php] has been stopped
2016-04-26 18:56:27 Workerman[tcp_server.php] start in DEBUG mode
2016-04-26 18:59:11 Workerman[tcp_server.php] Stopping ...
2016-04-26 18:59:11 Workerman[tcp_server.php] has been stopped
2016-04-26 18:59:12 Workerman[tcp_server.php] start in DEBUG mode
2016-04-26 18:59:15 Workerman[tcp_server.php] Stopping ...
2016-04-26 18:59:15 Workerman[tcp_server.php] has been stopped
2016-04-27 09:17:46 Workerman[tcp_server.php] start in DEBUG mode
2016-04-27 09:23:23 Workerman[tcp_server.php] Stopping ...
2016-04-27 09:23:23 Workerman[tcp_server.php] has been stopped
2016-04-27 09:23:24 Workerman[tcp_server.php] start in DEBUG mode
2016-04-27 09:29:09 Workerman[tcp_server.php] Stopping ...
2016-04-27 09:29:09 Workerman[tcp_server.php] has been stopped
2016-04-27 09:29:09 Workerman[tcp_server.php] start in DEBUG mode
2016-04-27 09:51:16 Workerman[tcp_server.php] Stopping ...
2016-04-27 09:51:16 Workerman[tcp_server.php] has been stopped
2016-04-27 09:51:22 Workerman[tcp_server.php] start in DEBUG mode
2016-04-27 10:10:40 Workerman[tcp_server.php] Stopping ...
2016-04-27 10:10:40 Workerman[tcp_server.php] has been stopped
2016-04-27 10:11:11 Workerman[tcp_server.php] start in DEBUG mode
2016-04-27 10:11:51 Workerman[tcp_server.php] Stopping ...
2016-04-27 10:11:51 Workerman[tcp_server.php] has been stopped
2016-04-27 10:11:51 Workerman[tcp_server.php] start in DEBUG mode
2016-04-27 10:12:52 Workerman[tcp_server.php] Stopping ...
2016-04-27 10:12:52 Workerman[tcp_server.php] has been stopped
2016-04-27 10:14:05 Workerman[tcp_server.php] start in DEBUG mode
2016-04-27 10:14:08 Workerman[tcp_server.php] Stopping ...
2016-04-27 10:14:08 Workerman[tcp_server.php] has been stopped
2016-04-27 10:14:16 Workerman[tcp_server.php] start in DEBUG mode
2016-04-27 10:15:48 Workerman[tcp_server.php] Stopping ...
2016-04-27 10:15:48 Workerman[tcp_server.php] has been stopped
2016-04-27 10:16:02 Workerman[tcp_server.php] start in DEBUG mode
2016-04-27 10:16:58 Workerman[tcp_server.php] Stopping ...
2016-04-27 10:16:58 Workerman[tcp_server.php] has been stopped
2016-04-27 10:16:59 Workerman[tcp_server.php] start in DEBUG mode
2016-04-27 10:22:57 Workerman[tcp_server.php] Stopping ...
2016-04-27 10:22:57 Workerman[tcp_server.php] has been stopped
2016-04-27 10:24:36 Workerman[tcp_server.php] start in DEBUG mode
2016-04-27 10:25:24 Workerman[tcp_server.php] Stopping ...
2016-04-27 10:25:24 Workerman[tcp_server.php] has been stopped
2016-04-27 10:25:25 Workerman[tcp_server.php] start in DEBUG mode
2016-04-27 10:27:49 Workerman[tcp_server.php] Stopping ...
2016-04-27 10:27:49 Workerman[tcp_server.php] has been stopped
2016-04-27 10:27:50 Workerman[tcp_server.php] start in DEBUG mode
2016-04-27 10:28:46 Workerman[tcp_server.php] Stopping ...
2016-04-27 10:28:46 Workerman[tcp_server.php] has been stopped
2016-04-27 10:28:59 Workerman[tcp_server.php] start in DEBUG mode
2016-04-27 10:30:48 Workerman[tcp_server.php] Stopping ...
2016-04-27 10:30:48 Workerman[tcp_server.php] has been stopped
2016-04-27 10:30:49 Workerman[tcp_server.php] start in DEBUG mode
2016-04-27 10:31:59 Workerman[tcp_server.php] Stopping ...
2016-04-27 10:31:59 Workerman[tcp_server.php] has been stopped
2016-04-27 10:32:00 Workerman[tcp_server.php] start in DEBUG mode
2016-04-27 10:48:52 Workerman[tcp_server.php] Stopping ...
2016-04-27 10:48:52 Workerman[tcp_server.php] has been stopped
2016-04-27 10:48:53 Workerman[tcp_server.php] start in DEBUG mode
2016-04-27 10:54:55 Workerman[tcp_server.php] Stopping ...
2016-04-27 10:54:55 Workerman[tcp_server.php] has been stopped
2016-04-27 10:54:56 Workerman[tcp_server.php] start in DEBUG mode
2016-04-27 10:57:28 Workerman[tcp_server.php] Stopping ...
2016-04-27 10:57:28 Workerman[tcp_server.php] has been stopped
2016-04-27 10:57:29 Workerman[tcp_server.php] start in DEBUG mode
2016-04-27 10:59:35 Workerman[tcp_server.php] Stopping ...
2016-04-27 10:59:35 Workerman[tcp_server.php] has been stopped
2016-04-27 10:59:35 Workerman[tcp_server.php] start in DEBUG mode
2016-04-27 10:59:53 Workerman[tcp_server.php] Stopping ...
2016-04-27 10:59:53 Workerman[tcp_server.php] has been stopped
2016-04-27 11:00:12 Workerman[tcp_server.php] start in DEBUG mode
2016-04-27 11:00:43 Workerman[tcp_server.php] Stopping ...
2016-04-27 11:00:43 Workerman[tcp_server.php] has been stopped
2016-04-27 11:00:44 Workerman[tcp_server.php] start in DEBUG mode
2016-04-27 11:02:55 Workerman[tcp_server.php] Stopping ...
2016-04-27 11:02:55 Workerman[tcp_server.php] has been stopped
2016-04-27 11:02:56 Workerman[tcp_server.php] start in DEBUG mode
2016-04-27 11:04:06 Workerman[tcp_server.php] Stopping ...
2016-04-27 11:04:06 Workerman[tcp_server.php] has been stopped
2016-04-27 11:04:07 Workerman[tcp_server.php] start in DEBUG mode
2016-04-27 11:04:42 Workerman[tcp_server.php] Stopping ...
2016-04-27 11:04:42 Workerman[tcp_server.php] has been stopped
2016-04-27 11:04:43 Workerman[tcp_server.php] start in DEBUG mode
2016-04-27 11:06:56 Workerman[tcp_server.php] Stopping ...
2016-04-27 11:06:56 Workerman[tcp_server.php] has been stopped
2016-04-27 11:06:56 Workerman[tcp_server.php] start in DEBUG mode
2016-04-27 11:10:35 Workerman[tcp_server.php] Stopping ...
2016-04-27 11:10:35 Workerman[tcp_server.php] has been stopped
2016-04-27 20:35:19 Workerman[tcp_server.php] start in DEBUG mode
2016-04-27 20:41:35 Workerman[tcp_server.php] Stopping ...
2016-04-27 20:41:35 Workerman[tcp_server.php] has been stopped
2016-04-27 20:41:36 Workerman[tcp_server.php] start in DEBUG mode
2016-04-27 20:45:13 Workerman[tcp_server.php] Stopping ...
2016-04-27 20:45:13 Workerman[tcp_server.php] has been stopped
2016-04-27 20:45:14 Workerman[tcp_server.php] start in DEBUG mode
2016-04-27 20:46:14 Workerman[tcp_server.php] Stopping ...
2016-04-27 20:46:14 Workerman[tcp_server.php] has been stopped
2016-04-27 20:46:15 Workerman[tcp_server.php] start in DEBUG mode
2016-04-27 20:46:57 Workerman[tcp_server.php] Stopping ...
2016-04-27 20:46:57 Workerman[tcp_server.php] has been stopped
2016-04-27 20:46:58 Workerman[tcp_server.php] start in DEBUG mode
2016-04-27 20:47:29 Workerman[tcp_server.php] Stopping ...
2016-04-27 20:47:29 Workerman[tcp_server.php] has been stopped
2016-04-27 20:47:30 Workerman[tcp_server.php] start in DEBUG mode
2016-04-27 20:47:33 WORKER EXIT UNEXPECTED E_PARSE syntax error, unexpected '.' in /home/hxuhao/GoAPPServer/Workerman/Connection/TcpConnection.php on line 227
2016-04-27 20:47:33 worker[none:4250] exit with status 65280
2016-04-27 20:47:41 WORKER EXIT UNEXPECTED E_PARSE syntax error, unexpected '.' in /home/hxuhao/GoAPPServer/Workerman/Connection/TcpConnection.php on line 227
2016-04-27 20:47:41 worker[none:4260] exit with status 65280
2016-04-27 20:47:48 Workerman[tcp_server.php] Stopping ...
2016-04-27 20:47:48 Workerman[tcp_server.php] has been stopped
2016-04-27 20:48:05 Workerman[tcp_server.php] start in DEBUG mode
2016-04-27 20:48:10 WORKER EXIT UNEXPECTED E_PARSE syntax error, unexpected '.' in /home/hxuhao/GoAPPServer/Workerman/Connection/TcpConnection.php on line 227
2016-04-27 20:48:10 worker[none:4291] exit with status 65280
2016-04-27 20:48:25 Workerman[tcp_server.php] Stopping ...
2016-04-27 20:48:25 Workerman[tcp_server.php] has been stopped
2016-04-27 20:48:26 Workerman[tcp_server.php] start in DEBUG mode
2016-04-27 20:48:28 WORKER EXIT UNEXPECTED E_PARSE syntax error, unexpected '.' in /home/hxuhao/GoAPPServer/Workerman/Connection/TcpConnection.php on line 227
2016-04-27 20:48:28 worker[none:4308] exit with status 65280
2016-04-27 20:49:06 Workerman[tcp_server.php] Stopping ...
2016-04-27 20:49:06 Workerman[tcp_server.php] has been stopped
2016-04-27 20:49:08 Workerman[tcp_server.php] start in DEBUG mode
2016-04-27 20:50:06 Workerman[tcp_server.php] Stopping ...
2016-04-27 20:50:06 Workerman[tcp_server.php] has been stopped
2016-04-29 08:59:37 Workerman[tcp_server.php] start in DEBUG mode
2016-04-29 09:08:39 Workerman[tcp_server.php] Stopping ...
2016-04-29 09:08:39 Workerman[tcp_server.php] has been stopped
<<<<<<< HEAD
2016-04-29 17:23:26 Workerman[tcp_server.php] start in DEBUG mode
2016-04-29 17:25:28 Workerman[tcp_server.php] Stopping ...
2016-04-29 17:25:28 Workerman[tcp_server.php] has been stopped
2016-04-29 17:28:44 Workerman[tcp_server.php] start in DEBUG mode
2016-04-29 17:31:05 Workerman[tcp_server.php] Stopping ...
2016-04-29 17:31:05 Workerman[tcp_server.php] has been stopped
=======
2016-05-02 13:57:34 Workerman[tcp_server.php] start in DEBUG mode
2016-05-02 13:58:58 Workerman[tcp_server.php] Stopping ...
2016-05-02 13:58:58 Workerman[tcp_server.php] has been stopped
2016-05-02 14:09:12 Workerman[tcp_server.php] start in DEBUG mode
2016-05-02 14:10:21 WORKER EXIT UNEXPECTED E_ERROR Class 'user' not found in /home/hxuhao/GoAPPServer/tcp_server.php on line 83
2016-05-02 14:10:21 worker[none:13829] exit with status 65280
2016-05-02 14:12:43 Workerman[tcp_server.php] Stopping ...
2016-05-02 14:12:43 Workerman[tcp_server.php] has been stopped
2016-05-02 14:12:44 Workerman[tcp_server.php] start in DEBUG mode
2016-05-02 14:12:46 Workerman[tcp_server.php] Stopping ...
2016-05-02 14:12:46 Workerman[tcp_server.php] has been stopped
2016-05-02 14:19:25 Workerman[tcp_server.php] start in DEBUG mode
2016-05-02 14:19:28 Workerman[tcp_server.php] Stopping ...
2016-05-02 14:19:28 Workerman[tcp_server.php] has been stopped
2016-05-02 14:19:48 Workerman[tcp_server.php] start in DEBUG mode
2016-05-02 14:20:07 Workerman[tcp_server.php] Stopping ...
2016-05-02 14:20:07 Workerman[tcp_server.php] has been stopped
2016-05-02 14:26:45 Workerman[tcp_server.php] start in DEBUG mode
2016-05-02 14:26:56 WORKER EXIT UNEXPECTED E_ERROR Class 'GoAPPServer\mysqli' not found in /home/hxuhao/GoAPPServer/mysql/mysql.class.php on line 27
2016-05-02 14:26:56 worker[none:14282] exit with status 65280
2016-05-02 14:29:26 Workerman[tcp_server.php] Stopping ...
2016-05-02 14:29:26 Workerman[tcp_server.php] has been stopped
2016-05-02 14:29:28 Workerman[tcp_server.php] start in DEBUG mode
2016-05-02 14:29:38 WORKER EXIT UNEXPECTED E_ERROR Class 'GoAPPServer\mysqlHandler' not found in /home/hxuhao/GoAPPServer/user.class.php on line 16
2016-05-02 14:29:38 worker[none:14315] exit with status 65280
2016-05-02 14:30:28 Workerman[tcp_server.php] Stopping ...
2016-05-02 14:30:28 Workerman[tcp_server.php] has been stopped
2016-05-02 14:30:29 Workerman[tcp_server.php] start in DEBUG mode
2016-05-02 14:30:40 WORKER EXIT UNEXPECTED E_ERROR Class 'GoAPPServer\mysqli' not found in /home/hxuhao/GoAPPServer/mysql/mysql.class.php on line 27
2016-05-02 14:30:40 worker[none:14448] exit with status 65280
2016-05-02 14:31:21 Workerman[tcp_server.php] Stopping ...
2016-05-02 14:31:21 Workerman[tcp_server.php] has been stopped
2016-05-02 14:31:22 Workerman[tcp_server.php] start in DEBUG mode
2016-05-02 14:31:54 Workerman[tcp_server.php] Stopping ...
2016-05-02 14:31:54 Workerman[tcp_server.php] has been stopped
2016-05-02 14:36:32 Workerman[tcp_server.php] start in DEBUG mode
2016-05-02 14:39:12 Workerman[tcp_server.php] Stopping ...
2016-05-02 14:39:12 Workerman[tcp_server.php] has been stopped
<<<<<<< HEAD
>>>>>>> 27b8acc42c0a0b519fd201ada04dcb50cac0e0f0
2016-05-03 17:48:40 Workerman[tcp_server.php] start in DAEMON mode
2016-05-03 22:41:52 Workerman[tcp_server.php] status 
2016-05-03 22:42:31 Workerman[tcp_server.php] stop 
2016-05-03 22:42:31 Workerman[tcp_server.php] is stoping ...
2016-05-03 22:42:31 Workerman[tcp_server.php] Stopping ...
2016-05-03 22:42:31 Workerman[tcp_server.php] has been stopped
2016-05-03 22:42:31 Workerman[tcp_server.php] stop success
2016-05-03 22:42:37 Workerman[tcp_server.php] start in DEBUG mode
2016-05-03 23:20:59 Workerman[tcp_server.php] Stopping ...
2016-05-03 23:20:59 Workerman[tcp_server.php] has been stopped
2016-05-03 23:21:00 Workerman[tcp_server.php] start in DEBUG mode
2016-05-03 23:22:29 Workerman[tcp_server.php] Stopping ...
2016-05-03 23:22:29 Workerman[tcp_server.php] has been stopped
2016-05-03 23:22:32 Workerman[tcp_server.php] start in DAEMON mode
=======
2016-05-04 21:00:33 Workerman[tcp_server.php] start in DEBUG mode
2016-05-04 21:02:59 Workerman[tcp_server.php] Stopping ...
2016-05-04 21:02:59 Workerman[tcp_server.php] has been stopped
2016-05-04 21:03:00 Workerman[tcp_server.php] start in DEBUG mode
2016-05-04 21:14:26 Workerman[tcp_server.php] Stopping ...
2016-05-04 21:14:26 Workerman[tcp_server.php] has been stopped
2016-05-04 21:14:27 Workerman[tcp_server.php] start in DEBUG mode
2016-05-04 21:16:42 Workerman[tcp_server.php] Stopping ...
2016-05-04 21:16:42 Workerman[tcp_server.php] has been stopped
<<<<<<< HEAD
>>>>>>> 995b56a6ed862ff04e8660d1677b963e68e0fde1
=======
2016-05-10 22:35:50 Workerman[tcp_server.php] start in DEBUG mode
2016-05-10 22:38:39 Workerman[tcp_server.php] Stopping ...
2016-05-10 22:38:39 Workerman[tcp_server.php] has been stopped
2016-05-10 22:38:43 Workerman[tcp_server.php] start in DEBUG mode
2016-05-10 22:46:45 Workerman[tcp_server.php] Stopping ...
2016-05-10 22:46:45 Workerman[tcp_server.php] has been stopped
2016-05-10 22:46:48 Workerman[tcp_server.php] start in DEBUG mode
2016-05-10 22:47:20 Workerman[tcp_server.php] Stopping ...
2016-05-10 22:47:20 Workerman[tcp_server.php] has been stopped
2016-05-10 22:47:21 Workerman[tcp_server.php] start in DEBUG mode
2016-05-10 23:06:18 Workerman[tcp_server.php] Stopping ...
2016-05-10 23:06:18 Workerman[tcp_server.php] has been stopped
2016-05-10 23:06:19 Workerman[tcp_server.php] start in DEBUG mode
2016-05-10 23:47:14 Workerman[tcp_server.php] Stopping ...
2016-05-10 23:47:14 Workerman[tcp_server.php] has been stopped
2016-05-10 23:47:40 Workerman[tcp_server.php] start in DEBUG mode
2016-05-10 23:48:43 Workerman[tcp_server.php] Stopping ...
2016-05-10 23:48:43 Workerman[tcp_server.php] has been stopped
2016-05-10 23:48:44 Workerman[tcp_server.php] start in DEBUG mode
2016-05-10 23:50:43 Workerman[tcp_server.php] Stopping ...
2016-05-10 23:50:43 Workerman[tcp_server.php] has been stopped
2016-05-10 23:50:44 Workerman[tcp_server.php] start in DEBUG mode
2016-05-10 23:53:41 Workerman[tcp_server.php] Stopping ...
2016-05-10 23:53:41 Workerman[tcp_server.php] has been stopped
2016-05-10 23:53:42 Workerman[tcp_server.php] start in DEBUG mode
2016-05-10 23:56:41 Workerman[tcp_server.php] Stopping ...
2016-05-10 23:56:41 Workerman[tcp_server.php] has been stopped
2016-05-10 23:57:15 Workerman[tcp_server.php] start in DEBUG mode
2016-05-11 00:01:25 Workerman[tcp_server.php] Stopping ...
2016-05-11 00:01:25 Workerman[tcp_server.php] has been stopped
2016-05-11 00:01:26 Workerman[tcp_server.php] start in DEBUG mode
2016-05-11 00:03:51 Workerman[tcp_server.php] Stopping ...
2016-05-11 00:03:51 Workerman[tcp_server.php] has been stopped
2016-05-11 00:03:53 Workerman[tcp_server.php] start in DEBUG mode
2016-05-11 00:07:23 Workerman[tcp_server.php] Stopping ...
2016-05-11 00:07:23 Workerman[tcp_server.php] has been stopped
2016-05-11 00:07:23 Workerman[tcp_server.php] start in DEBUG mode
2016-05-11 00:28:20 Workerman[tcp_server.php] Stopping ...
2016-05-11 00:28:20 Workerman[tcp_server.php] has been stopped
>>>>>>> 309f6e95e31426fcca79bc4d0eebb9dae54d6798
2016-05-11 18:12:53 Workerman[tcp_server.php] start in DEBUG mode
2016-05-11 18:12:54 Workerman[tcp_server.php] Stopping ...
2016-05-11 18:12:54 Workerman[tcp_server.php] has been stopped
2016-05-12 19:46:15 Workerman[tcp_server.php] start in DEBUG mode
2016-05-12 19:48:04 Workerman[tcp_server.php] Stopping ...
2016-05-12 19:48:04 Workerman[tcp_server.php] has been stopped
2016-05-12 19:48:27 Workerman[tcp_server.php] start in DEBUG mode
2016-05-12 20:27:57 Workerman[tcp_server.php] Stopping ...
2016-05-12 20:27:57 Workerman[tcp_server.php] has been stopped
2016-05-12 20:37:29 Workerman[tcp_server.php] start in DEBUG mode
2016-05-12 20:47:47 Workerman[tcp_server.php] Stopping ...
2016-05-12 20:47:47 Workerman[tcp_server.php] has been stopped
2016-05-12 20:48:07 Workerman[tcp_server.php] start in DEBUG mode
2016-05-12 20:49:01 Workerman[tcp_server.php] Stopping ...
2016-05-12 20:49:01 Workerman[tcp_server.php] has been stopped
2016-05-12 20:49:10 Workerman[tcp_server.php] start in DEBUG mode
2016-05-12 20:55:26 Workerman[tcp_server.php] Stopping ...
2016-05-12 20:55:26 Workerman[tcp_server.php] has been stopped
2016-05-12 20:55:26 Workerman[tcp_server.php] start in DEBUG mode
2016-05-12 21:12:56 Workerman[tcp_server.php] Stopping ...
2016-05-12 21:12:56 Workerman[tcp_server.php] has been stopped
2016-05-12 21:12:57 Workerman[tcp_server.php] start in DEBUG mode
2016-05-12 21:18:12 WORKER EXIT UNEXPECTED E_RECOVERABLE_ERROR Object of class Workerman\Connection\TcpConnection could not be converted to string in /home/hxuhao/GoAPPServer/tcp_server.php on line 164
2016-05-12 21:18:12 worker[none:4468] exit with status 65280
2016-05-12 21:19:17 WORKER EXIT UNEXPECTED E_RECOVERABLE_ERROR Object of class Workerman\Connection\TcpConnection could not be converted to string in /home/hxuhao/GoAPPServer/tcp_server.php on line 164
2016-05-12 21:19:17 worker[none:4591] exit with status 65280
2016-05-12 21:29:19 Workerman[tcp_server.php] Stopping ...
2016-05-12 21:29:19 Workerman[tcp_server.php] has been stopped
2016-05-17 23:40:10 Workerman[tcp_server.php] start in DEBUG mode
2016-05-18 00:31:20 Workerman[tcp_server.php] Stopping ...
2016-05-18 00:31:20 Workerman[tcp_server.php] has been stopped
2016-05-18 00:32:21 Workerman[tcp_server.php] start in DEBUG mode
2016-05-18 00:37:51 Workerman[tcp_server.php] Stopping ...
2016-05-18 00:37:51 Workerman[tcp_server.php] has been stopped
2016-05-18 00:37:53 Workerman[tcp_server.php] start in DEBUG mode
2016-05-18 00:43:20 Workerman[tcp_server.php] Stopping ...
2016-05-18 00:43:20 Workerman[tcp_server.php] has been stopped
2016-05-18 00:44:11 Workerman[tcp_server.php] start in DEBUG mode
2016-05-18 00:45:37 Workerman[tcp_server.php] Stopping ...
2016-05-18 00:45:37 Workerman[tcp_server.php] has been stopped
2016-05-18 00:45:38 Workerman[tcp_server.php] start in DEBUG mode
2016-05-18 00:46:56 Workerman[tcp_server.php] Stopping ...
2016-05-18 00:46:56 Workerman[tcp_server.php] has been stopped
2016-05-18 00:46:57 Workerman[tcp_server.php] start in DEBUG mode
2016-05-18 00:47:53 Workerman[tcp_server.php] Stopping ...
2016-05-18 00:47:53 Workerman[tcp_server.php] has been stopped
2016-05-18 00:48:02 Workerman[tcp_server.php] start in DEBUG mode
2016-05-18 00:54:47 Workerman[tcp_server.php] Stopping ...
2016-05-18 00:54:47 Workerman[tcp_server.php] has been stopped
2016-05-18 00:54:48 Workerman[tcp_server.php] start in DEBUG mode
2016-05-18 01:04:21 Workerman[tcp_server.php] Stopping ...
2016-05-18 01:04:21 Workerman[tcp_server.php] has been stopped
2016-05-18 01:04:22 Workerman[tcp_server.php] start in DEBUG mode
2016-05-18 01:06:38 Workerman[tcp_server.php] Stopping ...
2016-05-18 01:06:38 Workerman[tcp_server.php] has been stopped
2016-05-18 01:07:56 Workerman[tcp_server.php] start in DEBUG mode
2016-05-18 01:09:08 Workerman[tcp_server.php] Stopping ...
2016-05-18 01:09:08 Workerman[tcp_server.php] has been stopped
2016-05-18 01:09:10 Workerman[tcp_server.php] start in DEBUG mode
2016-05-18 01:15:59 Workerman[tcp_server.php] Stopping ...
2016-05-18 01:15:59 Workerman[tcp_server.php] has been stopped
2016-05-18 01:16:00 Workerman[tcp_server.php] start in DEBUG mode
2016-05-18 01:17:05 Workerman[tcp_server.php] Stopping ...
2016-05-18 01:17:05 Workerman[tcp_server.php] has been stopped
2016-05-19 23:35:34 Workerman[tcp_server.php] start in DEBUG mode
2016-05-19 23:36:41 Workerman[tcp_server.php] Stopping ...
2016-05-19 23:36:41 Workerman[tcp_server.php] has been stopped
2016-05-19 23:36:41 Workerman[tcp_server.php] start in DEBUG mode
2016-05-19 23:40:59 Workerman[tcp_server.php] Stopping ...
2016-05-19 23:40:59 Workerman[tcp_server.php] has been stopped
2016-05-19 23:41:00 Workerman[tcp_server.php] start in DEBUG mode
2016-05-19 23:46:47 Workerman[tcp_server.php] Stopping ...
2016-05-19 23:46:47 Workerman[tcp_server.php] has been stopped
2016-05-19 23:46:48 Workerman[tcp_server.php] start in DEBUG mode
2016-05-19 23:47:40 Workerman[tcp_server.php] Stopping ...
2016-05-19 23:47:40 Workerman[tcp_server.php] has been stopped
2016-05-19 23:48:56 Workerman[tcp_server.php] start in DEBUG mode
2016-05-20 00:03:13 Workerman[tcp_server.php] Stopping ...
2016-05-20 00:03:13 Workerman[tcp_server.php] has been stopped
2016-05-20 00:03:14 Workerman[tcp_server.php] start in DEBUG mode
2016-05-20 00:13:15 Workerman[tcp_server.php] Stopping ...
2016-05-20 00:13:15 Workerman[tcp_server.php] has been stopped
2016-05-20 00:13:17 Workerman[tcp_server.php] start in DEBUG mode
2016-05-20 00:14:19 Workerman[tcp_server.php] Stopping ...
2016-05-20 00:14:19 Workerman[tcp_server.php] has been stopped
2016-05-20 00:14:20 Workerman[tcp_server.php] start in DEBUG mode
2016-05-20 00:16:41 Workerman[tcp_server.php] Stopping ...
2016-05-20 00:16:41 Workerman[tcp_server.php] has been stopped
2016-05-20 00:16:42 Workerman[tcp_server.php] start in DEBUG mode
2016-05-20 00:17:17 Workerman[tcp_server.php] Stopping ...
2016-05-20 00:17:17 Workerman[tcp_server.php] has been stopped
2016-05-20 00:21:03 Workerman[tcp_server.php] start in DEBUG mode
2016-05-20 00:25:25 Workerman[tcp_server.php] Stopping ...
2016-05-20 00:25:25 Workerman[tcp_server.php] has been stopped
2016-05-20 00:25:27 Workerman[tcp_server.php] start in DEBUG mode
2016-05-20 00:26:29 Workerman[tcp_server.php] Stopping ...
2016-05-20 00:26:29 Workerman[tcp_server.php] has been stopped
2016-05-20 00:26:32 Workerman[tcp_server.php] start in DEBUG mode
2016-05-20 00:28:21 Workerman[tcp_server.php] Stopping ...
2016-05-20 00:28:21 Workerman[tcp_server.php] has been stopped
2016-05-20 00:34:32 Workerman[tcp_server.php] start in DEBUG mode
2016-05-20 00:34:48 Workerman[tcp_server.php] Stopping ...
2016-05-20 00:34:48 Workerman[tcp_server.php] has been stopped
2016-05-20 00:46:21 Workerman[tcp_server.php] start in DEBUG mode
2016-05-20 00:46:41 Workerman[tcp_server.php] Stopping ...
2016-05-20 00:46:41 Workerman[tcp_server.php] has been stopped
2016-05-20 00:46:42 Workerman[tcp_server.php] start in DEBUG mode
2016-05-20 00:47:25 WORKER EXIT UNEXPECTED E_RECOVERABLE_ERROR Object of class Workerman\Connection\TcpConnection could not be converted to string in /home/hxuhao/GoAPPServer/tcp_server.php on line 225
2016-05-20 00:47:25 worker[none:3119] exit with status 65280
2016-05-20 01:00:55 Workerman[tcp_server.php] Stopping ...
2016-05-20 01:00:55 Workerman[tcp_server.php] has been stopped
2016-05-24 23:56:38 Workerman[tcp_server.php] start in DEBUG mode
2016-05-24 23:57:22 WORKER EXIT UNEXPECTED E_RECOVERABLE_ERROR Object of class Workerman\Connection\TcpConnection could not be converted to string in /home/hxuhao/GoAPPServer/tcp_server.php on line 227
2016-05-24 23:57:22 worker[none:6030] exit with status 65280
2016-05-24 23:58:28 WORKER EXIT UNEXPECTED E_RECOVERABLE_ERROR Object of class Workerman\Connection\TcpConnection could not be converted to string in /home/hxuhao/GoAPPServer/tcp_server.php on line 227
2016-05-24 23:58:28 worker[none:6078] exit with status 65280
2016-05-24 23:59:13 Workerman[tcp_server.php] Stopping ...
2016-05-24 23:59:13 Workerman[tcp_server.php] has been stopped
2016-05-24 23:59:14 Workerman[tcp_server.php] start in DEBUG mode
2016-05-24 23:59:25 WORKER EXIT UNEXPECTED E_RECOVERABLE_ERROR Object of class Workerman\Connection\TcpConnection could not be converted to string in /home/hxuhao/GoAPPServer/tcp_server.php on line 227
2016-05-24 23:59:25 worker[none:6093] exit with status 65280
2016-05-24 23:59:50 Workerman[tcp_server.php] Stopping ...
2016-05-24 23:59:50 Workerman[tcp_server.php] has been stopped
2016-05-25 00:00:56 Workerman[tcp_server.php] start in DEBUG mode
2016-05-25 00:01:04 WORKER EXIT UNEXPECTED E_RECOVERABLE_ERROR Object of class Workerman\Connection\TcpConnection could not be converted to string in /home/hxuhao/GoAPPServer/tcp_server.php on line 227
2016-05-25 00:01:04 worker[none:6160] exit with status 65280
2016-05-25 00:01:05 Workerman[tcp_server.php] Stopping ...
2016-05-25 00:01:05 Workerman[tcp_server.php] has been stopped
2016-05-25 00:01:06 Workerman[tcp_server.php] start in DEBUG mode
2016-05-25 00:01:14 WORKER EXIT UNEXPECTED E_RECOVERABLE_ERROR Object of class Workerman\Connection\TcpConnection could not be converted to string in /home/hxuhao/GoAPPServer/tcp_server.php on line 227
2016-05-25 00:01:14 worker[none:6183] exit with status 65280
2016-05-25 00:01:51 Workerman[tcp_server.php] Stopping ...
2016-05-25 00:01:51 Workerman[tcp_server.php] has been stopped
2016-05-25 00:01:52 Workerman[tcp_server.php] start in DEBUG mode
2016-05-25 00:02:47 Workerman[tcp_server.php] Stopping ...
2016-05-25 00:02:47 Workerman[tcp_server.php] has been stopped
2016-05-25 00:02:48 Workerman[tcp_server.php] start in DEBUG mode
2016-05-25 00:04:27 Workerman[tcp_server.php] Stopping ...
2016-05-25 00:04:27 Workerman[tcp_server.php] has been stopped
2016-05-25 00:04:28 Workerman[tcp_server.php] start in DEBUG mode
2016-05-25 00:04:57 Workerman[tcp_server.php] Stopping ...
2016-05-25 00:04:57 Workerman[tcp_server.php] has been stopped
2016-05-25 00:04:58 Workerman[tcp_server.php] start in DEBUG mode
2016-05-25 00:06:37 Workerman[tcp_server.php] Stopping ...
2016-05-25 00:06:37 Workerman[tcp_server.php] has been stopped
2016-05-25 23:03:01 Workerman[tcp_server.php] start in DEBUG mode
2016-05-25 23:09:51 Workerman[tcp_server.php] Stopping ...
2016-05-25 23:09:51 Workerman[tcp_server.php] has been stopped
2016-05-25 23:09:55 Workerman[tcp_server.php] start in DEBUG mode
2016-05-25 23:13:57 Workerman[tcp_server.php] Stopping ...
2016-05-25 23:13:57 Workerman[tcp_server.php] has been stopped
2016-05-25 23:13:57 Workerman[tcp_server.php] start in DEBUG mode
2016-05-25 23:17:08 Workerman[tcp_server.php] Stopping ...
2016-05-25 23:17:08 Workerman[tcp_server.php] has been stopped
2016-05-25 23:17:08 Workerman[tcp_server.php] start in DEBUG mode
2016-05-25 23:18:48 Workerman[tcp_server.php] Stopping ...
2016-05-25 23:18:48 Workerman[tcp_server.php] has been stopped
2016-05-25 23:18:48 Workerman[tcp_server.php] start in DEBUG mode
2016-05-25 23:27:54 Workerman[tcp_server.php] Stopping ...
2016-05-25 23:27:54 Workerman[tcp_server.php] has been stopped
2016-05-25 23:27:55 Workerman[tcp_server.php] start in DEBUG mode
2016-05-25 23:30:30 Workerman[tcp_server.php] Stopping ...
2016-05-25 23:30:30 Workerman[tcp_server.php] has been stopped
2016-05-25 23:30:30 Workerman[tcp_server.php] start in DEBUG mode
2016-05-25 23:30:35 WORKER EXIT UNEXPECTED E_ERROR Cannot use object of type stdClass as array in /home/hxuhao/GoAPPServer/tcp_server.php on line 59
2016-05-25 23:30:35 worker[none:4241] exit with status 65280
2016-05-25 23:30:44 WORKER EXIT UNEXPECTED E_ERROR Cannot use object of type stdClass as array in /home/hxuhao/GoAPPServer/tcp_server.php on line 59
2016-05-25 23:30:44 worker[none:4250] exit with status 65280
2016-05-25 23:32:32 Workerman[tcp_server.php] Stopping ...
2016-05-25 23:32:32 Workerman[tcp_server.php] has been stopped
2016-05-25 23:32:33 Workerman[tcp_server.php] start in DEBUG mode
2016-05-25 23:38:56 Workerman[tcp_server.php] Stopping ...
2016-05-25 23:38:56 Workerman[tcp_server.php] has been stopped
2016-05-25 23:38:56 Workerman[tcp_server.php] start in DEBUG mode
2016-05-25 23:40:52 Workerman[tcp_server.php] Stopping ...
2016-05-25 23:40:52 Workerman[tcp_server.php] has been stopped
2016-05-25 23:40:52 Workerman[tcp_server.php] start in DEBUG mode
2016-05-25 23:43:14 Workerman[tcp_server.php] Stopping ...
2016-05-25 23:43:14 Workerman[tcp_server.php] has been stopped
2016-05-25 23:43:15 Workerman[tcp_server.php] start in DEBUG mode
2016-05-25 23:44:42 Workerman[tcp_server.php] Stopping ...
2016-05-25 23:44:42 Workerman[tcp_server.php] has been stopped
2016-05-25 23:44:42 Workerman[tcp_server.php] start in DEBUG mode
2016-05-25 23:45:58 Workerman[tcp_server.php] Stopping ...
2016-05-25 23:45:58 Workerman[tcp_server.php] has been stopped
2016-05-25 23:45:59 Workerman[tcp_server.php] start in DEBUG mode
2016-05-25 23:49:18 Workerman[tcp_server.php] Stopping ...
2016-05-25 23:49:18 Workerman[tcp_server.php] has been stopped
2016-05-25 23:50:18 Workerman[tcp_server.php] start in DEBUG mode
2016-05-25 23:51:57 Workerman[tcp_server.php] Stopping ...
2016-05-25 23:51:57 Workerman[tcp_server.php] has been stopped
2016-05-25 23:51:58 Workerman[tcp_server.php] start in DEBUG mode
2016-05-26 00:00:34 Workerman[tcp_server.php] Stopping ...
2016-05-26 00:00:34 Workerman[tcp_server.php] has been stopped
2016-05-26 00:00:51 Workerman[tcp_server.php] start in DEBUG mode
2016-05-26 00:02:52 Workerman[tcp_server.php] Stopping ...
2016-05-26 00:02:52 Workerman[tcp_server.php] has been stopped
2016-05-26 00:02:53 Workerman[tcp_server.php] start in DEBUG mode
2016-05-26 00:03:48 Workerman[tcp_server.php] Stopping ...
2016-05-26 00:03:48 Workerman[tcp_server.php] has been stopped
2016-05-26 00:03:49 Workerman[tcp_server.php] start in DEBUG mode
2016-05-26 00:04:09 Workerman[tcp_server.php] Stopping ...
2016-05-26 00:04:09 Workerman[tcp_server.php] has been stopped
2016-05-26 00:04:09 Workerman[tcp_server.php] start in DEBUG mode
2016-05-26 00:04:29 Workerman[tcp_server.php] Stopping ...
2016-05-26 00:04:29 Workerman[tcp_server.php] has been stopped
2016-05-26 00:04:30 Workerman[tcp_server.php] start in DEBUG mode
2016-05-26 00:06:43 Workerman[tcp_server.php] Stopping ...
2016-05-26 00:06:43 Workerman[tcp_server.php] has been stopped
2016-05-26 00:07:12 Workerman[tcp_server.php] start in DEBUG mode
2016-05-26 00:11:16 Workerman[tcp_server.php] Stopping ...
2016-05-26 00:11:16 Workerman[tcp_server.php] has been stopped
2016-05-26 00:11:17 Workerman[tcp_server.php] start in DEBUG mode
2016-05-26 00:11:38 Workerman[tcp_server.php] Stopping ...
2016-05-26 00:11:38 Workerman[tcp_server.php] has been stopped
2016-05-26 00:11:39 Workerman[tcp_server.php] start in DEBUG mode
2016-05-26 00:13:48 Workerman[tcp_server.php] Stopping ...
2016-05-26 00:13:48 Workerman[tcp_server.php] has been stopped
2016-05-26 00:15:14 Workerman[tcp_server.php] start in DEBUG mode
2016-05-26 00:21:01 Workerman[tcp_server.php] Stopping ...
2016-05-26 00:21:01 Workerman[tcp_server.php] has been stopped
2016-05-26 00:21:02 Workerman[tcp_server.php] start in DEBUG mode
2016-05-26 00:28:05 Workerman[tcp_server.php] Stopping ...
2016-05-26 00:28:05 Workerman[tcp_server.php] has been stopped
2016-05-26 00:28:06 Workerman[tcp_server.php] start in DEBUG mode
2016-05-26 00:33:17 Workerman[tcp_server.php] Stopping ...
2016-05-26 00:33:17 Workerman[tcp_server.php] has been stopped
2016-05-26 00:33:18 Workerman[tcp_server.php] start in DEBUG mode
2016-05-26 00:36:16 Workerman[tcp_server.php] Stopping ...
2016-05-26 00:36:16 Workerman[tcp_server.php] has been stopped
2016-05-26 00:36:17 Workerman[tcp_server.php] start in DEBUG mode
2016-05-26 00:37:51 Workerman[tcp_server.php] Stopping ...
2016-05-26 00:37:51 Workerman[tcp_server.php] has been stopped
2016-05-26 00:37:52 Workerman[tcp_server.php] start in DEBUG mode
2016-05-26 00:38:32 Workerman[tcp_server.php] Stopping ...
2016-05-26 00:38:32 Workerman[tcp_server.php] has been stopped
2016-05-26 00:38:34 Workerman[tcp_server.php] start in DEBUG mode
2016-05-26 00:41:50 Workerman[tcp_server.php] Stopping ...
2016-05-26 00:41:50 Workerman[tcp_server.php] has been stopped
2016-05-26 00:41:51 Workerman[tcp_server.php] start in DEBUG mode
2016-05-26 00:44:39 Workerman[tcp_server.php] Stopping ...
2016-05-26 00:44:39 Workerman[tcp_server.php] has been stopped
2016-05-26 00:45:48 Workerman[tcp_server.php] start in DEBUG mode
2016-05-26 00:47:21 Workerman[tcp_server.php] Stopping ...
2016-05-26 00:47:21 Workerman[tcp_server.php] has been stopped
2016-05-26 00:47:21 Workerman[tcp_server.php] start in DEBUG mode
2016-05-26 00:48:32 Workerman[tcp_server.php] Stopping ...
2016-05-26 00:48:32 Workerman[tcp_server.php] has been stopped
2016-05-26 00:48:33 Workerman[tcp_server.php] start in DEBUG mode
2016-05-26 00:49:52 Workerman[tcp_server.php] Stopping ...
2016-05-26 00:49:52 Workerman[tcp_server.php] has been stopped
2016-05-26 00:49:52 Workerman[tcp_server.php] start in DEBUG mode
2016-05-26 00:51:09 Workerman[tcp_server.php] Stopping ...
2016-05-26 00:51:10 Workerman[tcp_server.php] has been stopped
2016-05-26 00:51:11 Workerman[tcp_server.php] start in DEBUG mode
2016-05-26 00:53:22 Workerman[tcp_server.php] Stopping ...
2016-05-26 00:53:22 Workerman[tcp_server.php] has been stopped
2016-05-26 00:53:22 Workerman[tcp_server.php] start in DEBUG mode
2016-05-26 00:54:55 Workerman[tcp_server.php] Stopping ...
2016-05-26 00:54:55 Workerman[tcp_server.php] has been stopped
2016-05-26 00:54:56 Workerman[tcp_server.php] start in DEBUG mode
2016-05-26 00:56:49 Workerman[tcp_server.php] Stopping ...
2016-05-26 00:56:49 Workerman[tcp_server.php] has been stopped
2016-05-26 00:56:49 Workerman[tcp_server.php] start in DEBUG mode
2016-05-26 00:58:08 Workerman[tcp_server.php] Stopping ...
2016-05-26 00:58:08 Workerman[tcp_server.php] has been stopped
2016-05-26 00:58:08 Workerman[tcp_server.php] start in DEBUG mode
2016-05-26 01:04:09 Workerman[tcp_server.php] Stopping ...
2016-05-26 01:04:09 Workerman[tcp_server.php] has been stopped
